[2025-12-10 23:56:20,642] Name: Undefined
[2025-12-10 23:56:20,643] Grid points: 2
[2025-12-10 23:56:20,643] Nadir points: None
[2025-12-10 23:56:20,643] Penalty weight: 0.001
[2025-12-10 23:56:20,643] Early exit: True
[2025-12-10 23:56:20,643] Bypass coefficient: True
[2025-12-10 23:56:20,643] Flag array: True
[2025-12-10 23:56:20,643] CPU Count: 18
[2025-12-10 23:56:20,643] Redivide work: True
[2025-12-10 23:56:20,643] Shared flag array: True
[2025-12-10 23:56:20,643] ==============================
[2025-12-10 23:56:20,814] Constructing payoff
[2025-12-10 23:56:20,872] Finding objective function range
[2025-12-10 23:56:20,872] Converting optimization problem
[2025-12-10 23:56:21,506] Dividing grid over 2 process(es)
[2025-12-10 23:56:22,173] Starting 2 worker process(es)
[2025-12-10 23:56:24,618] ==============================
[2025-12-10 23:56:24,618] Runtime: 3.8 seconds
[2025-12-10 23:56:24,618] Models solved: 4
[2025-12-10 23:56:24,618] Infeasibilities: 0
[2025-12-10 23:56:24,618] Solutions: 3
[2025-12-10 23:56:24,618] Unique solutions: 1
[2025-12-10 23:56:24,618] Unique Pareto solutions: 1
[2025-12-10 23:56:24,618] Hypervolume indicator: 0.0
