[2025-12-10 23:36:03,889] Name: Undefined
[2025-12-10 23:36:03,890] Grid points: 2
[2025-12-10 23:36:03,890] Nadir points: None
[2025-12-10 23:36:03,890] Penalty weight: 0.001
[2025-12-10 23:36:03,890] Early exit: True
[2025-12-10 23:36:03,890] Bypass coefficient: True
[2025-12-10 23:36:03,890] Flag array: True
[2025-12-10 23:36:03,890] CPU Count: 18
[2025-12-10 23:36:03,890] Redivide work: True
[2025-12-10 23:36:03,890] Shared flag array: True
[2025-12-10 23:36:03,890] ==============================
[2025-12-10 23:36:04,079] Constructing payoff
[2025-12-10 23:36:04,135] Finding objective function range
[2025-12-10 23:36:04,137] Converting optimization problem
[2025-12-10 23:36:04,766] Dividing grid over 2 process(es)
[2025-12-10 23:36:05,411] Starting 2 worker process(es)
[2025-12-10 23:36:07,165] ==============================
[2025-12-10 23:36:07,165] Runtime: 3.07 seconds
[2025-12-10 23:36:07,165] Models solved: 4
[2025-12-10 23:36:07,165] Infeasibilities: 0
[2025-12-10 23:36:07,165] Solutions: 3
[2025-12-10 23:36:07,165] Unique solutions: 1
[2025-12-10 23:36:07,165] Unique Pareto solutions: 1
[2025-12-10 23:36:07,165] Hypervolume indicator: 0.0
