[2025-12-15 01:33:48,584] Name: Undefined
[2025-12-15 01:33:48,584] Grid points: 10
[2025-12-15 01:33:48,584] Nadir points: None
[2025-12-15 01:33:48,584] Penalty weight: 0.001
[2025-12-15 01:33:48,584] Early exit: True
[2025-12-15 01:33:48,584] Bypass coefficient: True
[2025-12-15 01:33:48,584] Flag array: True
[2025-12-15 01:33:48,584] CPU Count: 18
[2025-12-15 01:33:48,584] Redivide work: True
[2025-12-15 01:33:48,584] Shared flag array: True
[2025-12-15 01:33:48,585] ==============================
[2025-12-15 01:33:48,816] Constructing payoff
[2025-12-15 01:33:49,029] Finding objective function range
[2025-12-15 01:33:49,029] Converting optimization problem
[2025-12-15 01:33:49,760] Dividing grid over 10 process(es)
[2025-12-15 01:33:50,415] Starting 10 worker process(es)
[2025-12-15 01:34:01,362] ==============================
[2025-12-15 01:34:01,362] Runtime: 12.55 seconds
[2025-12-15 01:34:01,362] Models solved: 100
[2025-12-15 01:34:01,362] Infeasibilities: 0
[2025-12-15 01:34:01,362] Solutions: 93
[2025-12-15 01:34:01,362] Unique solutions: 27
[2025-12-15 01:34:01,362] Unique Pareto solutions: 23
[2025-12-15 01:34:01,362] Hypervolume indicator: 2.9866308244112426e-05
