[2025-12-12 18:53:21,999] Name: Undefined
[2025-12-12 18:53:21,999] Grid points: 20
[2025-12-12 18:53:21,999] Nadir points: None
[2025-12-12 18:53:21,999] Penalty weight: 0.001
[2025-12-12 18:53:21,999] Early exit: True
[2025-12-12 18:53:21,999] Bypass coefficient: True
[2025-12-12 18:53:21,999] Flag array: True
[2025-12-12 18:53:21,999] CPU Count: 18
[2025-12-12 18:53:21,999] Redivide work: True
[2025-12-12 18:53:21,999] Shared flag array: True
[2025-12-12 18:53:21,999] ==============================
[2025-12-12 18:53:22,265] Constructing payoff
[2025-12-12 18:53:22,556] Finding objective function range
[2025-12-12 18:53:22,556] Converting optimization problem
[2025-12-12 18:53:23,508] Dividing grid over 18 process(es)
[2025-12-12 18:53:24,313] Starting 18 worker process(es)
[2025-12-12 18:53:44,475] ==============================
[2025-12-12 18:53:44,475] Runtime: 22.21 seconds
[2025-12-12 18:53:44,475] Models solved: 400
[2025-12-12 18:53:44,475] Infeasibilities: 0
[2025-12-12 18:53:44,475] Solutions: 378
[2025-12-12 18:53:44,475] Unique solutions: 70
[2025-12-12 18:53:44,475] Unique Pareto solutions: 60
[2025-12-12 18:53:44,475] Hypervolume indicator: 3.177221394098932e-05
