[2025-12-10 22:47:13,219] Name: Undefined
[2025-12-10 22:47:13,219] Grid points: 2
[2025-12-10 22:47:13,219] Nadir points: None
[2025-12-10 22:47:13,219] Penalty weight: 0.001
[2025-12-10 22:47:13,219] Early exit: True
[2025-12-10 22:47:13,219] Bypass coefficient: True
[2025-12-10 22:47:13,219] Flag array: True
[2025-12-10 22:47:13,219] CPU Count: 18
[2025-12-10 22:47:13,219] Redivide work: True
[2025-12-10 22:47:13,219] Shared flag array: True
[2025-12-10 22:47:13,223] ==============================
[2025-12-10 22:47:13,226] Constructing payoff
[2025-12-10 22:47:13,248] Name: Undefined
[2025-12-10 22:47:13,248] Name: Undefined
[2025-12-10 22:47:13,255] Grid points: 2
[2025-12-10 22:47:13,255] Grid points: 2
[2025-12-10 22:47:13,255] Nadir points: None
[2025-12-10 22:47:13,255] Nadir points: None
[2025-12-10 22:47:13,255] Penalty weight: 0.001
[2025-12-10 22:47:13,255] Penalty weight: 0.001
[2025-12-10 22:47:13,255] Early exit: True
[2025-12-10 22:47:13,255] Early exit: True
[2025-12-10 22:47:13,255] Bypass coefficient: True
[2025-12-10 22:47:13,255] Bypass coefficient: True
[2025-12-10 22:47:13,255] Flag array: True
[2025-12-10 22:47:13,255] Flag array: True
[2025-12-10 22:47:13,255] CPU Count: 18
[2025-12-10 22:47:13,255] CPU Count: 18
[2025-12-10 22:47:13,255] Redivide work: True
[2025-12-10 22:47:13,255] Redivide work: True
[2025-12-10 22:47:13,255] Shared flag array: True
[2025-12-10 22:47:13,255] Shared flag array: True
[2025-12-10 22:47:13,255] ==============================
[2025-12-10 22:47:13,255] ==============================
[2025-12-10 22:47:13,257] Constructing payoff
[2025-12-10 22:47:13,257] Constructing payoff
[2025-12-10 22:47:13,265] Name: Undefined
[2025-12-10 22:47:13,265] Name: Undefined
[2025-12-10 22:47:13,265] Name: Undefined
[2025-12-10 22:47:13,265] Grid points: 2
[2025-12-10 22:47:13,265] Grid points: 2
[2025-12-10 22:47:13,265] Grid points: 2
[2025-12-10 22:47:13,265] Nadir points: None
[2025-12-10 22:47:13,265] Nadir points: None
[2025-12-10 22:47:13,265] Nadir points: None
[2025-12-10 22:47:13,268] Penalty weight: 0.001
[2025-12-10 22:47:13,268] Penalty weight: 0.001
[2025-12-10 22:47:13,268] Penalty weight: 0.001
[2025-12-10 22:47:13,268] Early exit: True
[2025-12-10 22:47:13,268] Early exit: True
[2025-12-10 22:47:13,268] Early exit: True
[2025-12-10 22:47:13,268] Bypass coefficient: True
[2025-12-10 22:47:13,268] Bypass coefficient: True
[2025-12-10 22:47:13,268] Bypass coefficient: True
[2025-12-10 22:47:13,268] Flag array: True
[2025-12-10 22:47:13,268] Flag array: True
[2025-12-10 22:47:13,268] Flag array: True
[2025-12-10 22:47:13,268] CPU Count: 18
[2025-12-10 22:47:13,268] CPU Count: 18
[2025-12-10 22:47:13,268] CPU Count: 18
[2025-12-10 22:47:13,268] Redivide work: True
[2025-12-10 22:47:13,268] Redivide work: True
[2025-12-10 22:47:13,268] Redivide work: True
[2025-12-10 22:47:13,268] Shared flag array: True
[2025-12-10 22:47:13,268] Shared flag array: True
[2025-12-10 22:47:13,268] Shared flag array: True
[2025-12-10 22:47:13,268] ==============================
[2025-12-10 22:47:13,268] ==============================
[2025-12-10 22:47:13,268] ==============================
[2025-12-10 22:47:13,268] Constructing payoff
[2025-12-10 22:47:13,268] Constructing payoff
[2025-12-10 22:47:13,268] Constructing payoff
