[2025-12-11 00:32:24,291] Name: Undefined
[2025-12-11 00:32:24,291] Grid points: 2
[2025-12-11 00:32:24,291] Nadir points: None
[2025-12-11 00:32:24,291] Penalty weight: 0.001
[2025-12-11 00:32:24,291] Early exit: True
[2025-12-11 00:32:24,291] Bypass coefficient: True
[2025-12-11 00:32:24,291] Flag array: True
[2025-12-11 00:32:24,291] CPU Count: 18
[2025-12-11 00:32:24,291] Redivide work: True
[2025-12-11 00:32:24,291] Shared flag array: True
[2025-12-11 00:32:24,291] ==============================
[2025-12-11 00:32:24,296] Constructing payoff
[2025-12-11 00:32:24,367] Finding objective function range
[2025-12-11 00:32:24,369] Converting optimization problem
[2025-12-11 00:32:25,008] Dividing grid over 2 process(es)
[2025-12-11 00:32:25,655] Starting 2 worker process(es)
[2025-12-11 00:32:27,350] ==============================
[2025-12-11 00:32:27,350] Runtime: 3.05 seconds
[2025-12-11 00:32:27,350] Models solved: 4
[2025-12-11 00:32:27,350] Infeasibilities: 0
[2025-12-11 00:32:27,350] Solutions: 3
[2025-12-11 00:32:27,350] Unique solutions: 1
[2025-12-11 00:32:27,350] Unique Pareto solutions: 1
[2025-12-11 00:32:27,350] Hypervolume indicator: 0.0
