[2025-12-12 18:55:07,979] Name: Undefined
[2025-12-12 18:55:07,979] Grid points: 20
[2025-12-12 18:55:07,979] Nadir points: None
[2025-12-12 18:55:07,979] Penalty weight: 0.001
[2025-12-12 18:55:07,979] Early exit: True
[2025-12-12 18:55:07,979] Bypass coefficient: True
[2025-12-12 18:55:07,979] Flag array: True
[2025-12-12 18:55:07,979] CPU Count: 18
[2025-12-12 18:55:07,979] Redivide work: True
[2025-12-12 18:55:07,979] Shared flag array: True
[2025-12-12 18:55:07,979] ==============================
[2025-12-12 18:55:08,230] Constructing payoff
[2025-12-12 18:55:08,449] Finding objective function range
[2025-12-12 18:55:08,449] Converting optimization problem
[2025-12-12 18:55:09,176] Dividing grid over 18 process(es)
[2025-12-12 18:55:09,821] Starting 18 worker process(es)
[2025-12-12 18:55:30,087] ==============================
[2025-12-12 18:55:30,087] Runtime: 21.86 seconds
[2025-12-12 18:55:30,087] Models solved: 400
[2025-12-12 18:55:30,087] Infeasibilities: 0
[2025-12-12 18:55:30,087] Solutions: 378
[2025-12-12 18:55:30,087] Unique solutions: 70
[2025-12-12 18:55:30,087] Unique Pareto solutions: 60
[2025-12-12 18:55:30,087] Hypervolume indicator: 3.177221394098932e-05
