[2025-12-12 18:54:23,792] Name: Undefined
[2025-12-12 18:54:23,792] Grid points: 20
[2025-12-12 18:54:23,792] Nadir points: None
[2025-12-12 18:54:23,792] Penalty weight: 0.001
[2025-12-12 18:54:23,792] Early exit: True
[2025-12-12 18:54:23,792] Bypass coefficient: True
[2025-12-12 18:54:23,792] Flag array: True
[2025-12-12 18:54:23,792] CPU Count: 18
[2025-12-12 18:54:23,792] Redivide work: True
[2025-12-12 18:54:23,792] Shared flag array: True
[2025-12-12 18:54:23,792] ==============================
[2025-12-12 18:54:23,796] Constructing payoff
[2025-12-12 18:54:24,019] Finding objective function range
[2025-12-12 18:54:24,019] Converting optimization problem
[2025-12-12 18:54:24,710] Dividing grid over 18 process(es)
[2025-12-12 18:54:25,380] Starting 18 worker process(es)
[2025-12-12 18:54:46,084] ==============================
[2025-12-12 18:54:46,084] Runtime: 22.29 seconds
[2025-12-12 18:54:46,084] Models solved: 400
[2025-12-12 18:54:46,084] Infeasibilities: 1
[2025-12-12 18:54:46,084] Solutions: 389
[2025-12-12 18:54:46,084] Unique solutions: 43
[2025-12-12 18:54:46,084] Unique Pareto solutions: 18
[2025-12-12 18:54:46,085] Hypervolume indicator: 1.750004446670219e-06
