[2025-12-11 22:37:09,899] Name: Undefined
[2025-12-11 22:37:09,899] Grid points: 30
[2025-12-11 22:37:09,901] Nadir points: None
[2025-12-11 22:37:09,901] Penalty weight: 0.001
[2025-12-11 22:37:09,901] Early exit: True
[2025-12-11 22:37:09,901] Bypass coefficient: True
[2025-12-11 22:37:09,901] Flag array: True
[2025-12-11 22:37:09,901] CPU Count: 18
[2025-12-11 22:37:09,901] Redivide work: True
[2025-12-11 22:37:09,901] Shared flag array: True
[2025-12-11 22:37:09,901] ==============================
[2025-12-11 22:37:09,906] Constructing payoff
[2025-12-11 22:37:10,007] Finding objective function range
[2025-12-11 22:37:10,008] Converting optimization problem
[2025-12-11 22:37:10,672] Dividing grid over 18 process(es)
[2025-12-11 22:37:11,308] Starting 18 worker process(es)
[2025-12-11 22:37:28,379] ==============================
[2025-12-11 22:37:28,379] Runtime: 18.47 seconds
[2025-12-11 22:37:28,379] Models solved: 900
[2025-12-11 22:37:28,380] Infeasibilities: 0
[2025-12-11 22:37:28,380] Solutions: 58
[2025-12-11 22:37:28,380] Unique solutions: 2
[2025-12-11 22:37:28,380] Unique Pareto solutions: 1
[2025-12-11 22:37:28,380] Hypervolume indicator: 0.0
