[2025-12-11 23:55:19,976] Name: Undefined
[2025-12-11 23:55:19,976] Grid points: 30
[2025-12-11 23:55:19,976] Nadir points: None
[2025-12-11 23:55:19,976] Penalty weight: 0.001
[2025-12-11 23:55:19,976] Early exit: True
[2025-12-11 23:55:19,976] Bypass coefficient: True
[2025-12-11 23:55:19,976] Flag array: True
[2025-12-11 23:55:19,976] CPU Count: 18
[2025-12-11 23:55:19,976] Redivide work: True
[2025-12-11 23:55:19,976] Shared flag array: True
[2025-12-11 23:55:19,976] ==============================
[2025-12-11 23:55:20,237] Constructing payoff
[2025-12-11 23:55:20,473] Finding objective function range
[2025-12-11 23:55:20,474] Converting optimization problem
[2025-12-11 23:55:21,160] Dividing grid over 18 process(es)
[2025-12-11 23:55:21,797] Starting 18 worker process(es)
[2025-12-11 23:55:55,234] ==============================
[2025-12-11 23:55:55,234] Runtime: 35.0 seconds
[2025-12-11 23:55:55,234] Models solved: 900
[2025-12-11 23:55:55,234] Infeasibilities: 1
[2025-12-11 23:55:55,234] Solutions: 776
[2025-12-11 23:55:55,234] Unique solutions: 156
[2025-12-11 23:55:55,234] Unique Pareto solutions: 129
[2025-12-11 23:55:55,234] Hypervolume indicator: 2.8868227517943364e-05
