[2025-12-10 23:07:13,132] Name: Undefined
[2025-12-10 23:07:13,133] Grid points: 2
[2025-12-10 23:07:13,133] Nadir points: None
[2025-12-10 23:07:13,133] Penalty weight: 0.001
[2025-12-10 23:07:13,133] Early exit: True
[2025-12-10 23:07:13,133] Bypass coefficient: True
[2025-12-10 23:07:13,133] Flag array: True
[2025-12-10 23:07:13,133] CPU Count: 18
[2025-12-10 23:07:13,133] Redivide work: True
[2025-12-10 23:07:13,133] Shared flag array: True
[2025-12-10 23:07:13,133] ==============================
[2025-12-10 23:07:13,318] Constructing payoff
[2025-12-10 23:07:13,369] Finding objective function range
[2025-12-10 23:07:13,370] Converting optimization problem
[2025-12-10 23:07:14,014] Dividing grid over 2 process(es)
[2025-12-10 23:07:14,644] Starting 2 worker process(es)
[2025-12-10 23:07:17,042] ==============================
[2025-12-10 23:07:17,042] Runtime: 3.72 seconds
[2025-12-10 23:07:17,042] Models solved: 4
[2025-12-10 23:07:17,042] Infeasibilities: 0
[2025-12-10 23:07:17,042] Solutions: 2
[2025-12-10 23:07:17,042] Unique solutions: 1
[2025-12-10 23:07:17,042] Unique Pareto solutions: 1
[2025-12-10 23:07:17,042] Hypervolume indicator: 0.0
