[2025-12-10 22:28:42,334] Name: Undefined
[2025-12-10 22:28:42,334] Grid points: 2
[2025-12-10 22:28:42,334] Nadir points: None
[2025-12-10 22:28:42,334] Penalty weight: 0.001
[2025-12-10 22:28:42,334] Early exit: True
[2025-12-10 22:28:42,334] Bypass coefficient: True
[2025-12-10 22:28:42,334] Flag array: True
[2025-12-10 22:28:42,334] CPU Count: 18
[2025-12-10 22:28:42,334] Redivide work: True
[2025-12-10 22:28:42,334] Shared flag array: True
[2025-12-10 22:28:42,334] ==============================
[2025-12-10 22:28:42,353] Constructing payoff
[2025-12-10 22:28:42,418] Name: Undefined
[2025-12-10 22:28:42,418] Name: Undefined
[2025-12-10 22:28:42,423] Grid points: 2
[2025-12-10 22:28:42,423] Grid points: 2
[2025-12-10 22:28:42,423] Nadir points: None
[2025-12-10 22:28:42,423] Nadir points: None
[2025-12-10 22:28:42,423] Penalty weight: 0.001
[2025-12-10 22:28:42,423] Penalty weight: 0.001
[2025-12-10 22:28:42,423] Early exit: True
[2025-12-10 22:28:42,423] Early exit: True
[2025-12-10 22:28:42,423] Bypass coefficient: True
[2025-12-10 22:28:42,423] Bypass coefficient: True
[2025-12-10 22:28:42,423] Flag array: True
[2025-12-10 22:28:42,423] Flag array: True
[2025-12-10 22:28:42,423] CPU Count: 18
[2025-12-10 22:28:42,423] CPU Count: 18
[2025-12-10 22:28:42,423] Redivide work: True
[2025-12-10 22:28:42,423] Redivide work: True
[2025-12-10 22:28:42,423] Shared flag array: True
[2025-12-10 22:28:42,423] Shared flag array: True
[2025-12-10 22:28:42,423] ==============================
[2025-12-10 22:28:42,423] ==============================
[2025-12-10 22:28:42,423] Constructing payoff
[2025-12-10 22:28:42,423] Constructing payoff
[2025-12-10 22:28:42,427] Name: Undefined
[2025-12-10 22:28:42,427] Name: Undefined
[2025-12-10 22:28:42,427] Name: Undefined
[2025-12-10 22:28:42,427] Grid points: 2
[2025-12-10 22:28:42,427] Grid points: 2
[2025-12-10 22:28:42,427] Grid points: 2
[2025-12-10 22:28:42,427] Nadir points: None
[2025-12-10 22:28:42,427] Nadir points: None
[2025-12-10 22:28:42,427] Nadir points: None
[2025-12-10 22:28:42,432] Penalty weight: 0.001
[2025-12-10 22:28:42,432] Penalty weight: 0.001
[2025-12-10 22:28:42,432] Penalty weight: 0.001
[2025-12-10 22:28:42,432] Early exit: True
[2025-12-10 22:28:42,432] Early exit: True
[2025-12-10 22:28:42,432] Early exit: True
[2025-12-10 22:28:42,432] Bypass coefficient: True
[2025-12-10 22:28:42,432] Bypass coefficient: True
[2025-12-10 22:28:42,432] Bypass coefficient: True
[2025-12-10 22:28:42,432] Flag array: True
[2025-12-10 22:28:42,432] Flag array: True
[2025-12-10 22:28:42,432] Flag array: True
[2025-12-10 22:28:42,432] CPU Count: 18
[2025-12-10 22:28:42,432] CPU Count: 18
[2025-12-10 22:28:42,432] CPU Count: 18
[2025-12-10 22:28:42,432] Redivide work: True
[2025-12-10 22:28:42,432] Redivide work: True
[2025-12-10 22:28:42,432] Redivide work: True
[2025-12-10 22:28:42,432] Shared flag array: True
[2025-12-10 22:28:42,432] Shared flag array: True
[2025-12-10 22:28:42,432] Shared flag array: True
[2025-12-10 22:28:42,432] ==============================
[2025-12-10 22:28:42,432] ==============================
[2025-12-10 22:28:42,432] ==============================
[2025-12-10 22:28:42,432] Constructing payoff
[2025-12-10 22:28:42,432] Constructing payoff
[2025-12-10 22:28:42,432] Constructing payoff
