[2025-12-11 00:25:25,684] Name: Undefined
[2025-12-11 00:25:25,684] Grid points: 2
[2025-12-11 00:25:25,684] Nadir points: None
[2025-12-11 00:25:25,684] Penalty weight: 0.001
[2025-12-11 00:25:25,684] Early exit: True
[2025-12-11 00:25:25,684] Bypass coefficient: True
[2025-12-11 00:25:25,684] Flag array: True
[2025-12-11 00:25:25,684] CPU Count: 18
[2025-12-11 00:25:25,684] Redivide work: True
[2025-12-11 00:25:25,684] Shared flag array: True
[2025-12-11 00:25:25,684] ==============================
[2025-12-11 00:25:25,876] Constructing payoff
[2025-12-11 00:25:25,931] Finding objective function range
[2025-12-11 00:25:25,931] Converting optimization problem
[2025-12-11 00:25:26,608] Dividing grid over 2 process(es)
[2025-12-11 00:25:27,242] Starting 2 worker process(es)
[2025-12-11 00:25:29,106] ==============================
[2025-12-11 00:25:29,106] Runtime: 3.23 seconds
[2025-12-11 00:25:29,106] Models solved: 4
[2025-12-11 00:25:29,122] Infeasibilities: 0
[2025-12-11 00:25:29,122] Solutions: 2
[2025-12-11 00:25:29,122] Unique solutions: 2
[2025-12-11 00:25:29,122] Unique Pareto solutions: 1
[2025-12-11 00:25:29,122] Hypervolume indicator: 1.1265313144573741e-19
