[2025-12-12 18:53:00,183] Name: Undefined
[2025-12-12 18:53:00,183] Grid points: 20
[2025-12-12 18:53:00,183] Nadir points: None
[2025-12-12 18:53:00,183] Penalty weight: 0.001
[2025-12-12 18:53:00,183] Early exit: True
[2025-12-12 18:53:00,183] Bypass coefficient: True
[2025-12-12 18:53:00,183] Flag array: True
[2025-12-12 18:53:00,183] CPU Count: 18
[2025-12-12 18:53:00,183] Redivide work: True
[2025-12-12 18:53:00,183] Shared flag array: True
[2025-12-12 18:53:00,183] ==============================
[2025-12-12 18:53:00,412] Constructing payoff
[2025-12-12 18:53:00,619] Finding objective function range
[2025-12-12 18:53:00,619] Converting optimization problem
[2025-12-12 18:53:01,333] Dividing grid over 18 process(es)
[2025-12-12 18:53:01,989] Starting 18 worker process(es)
[2025-12-12 18:53:21,996] ==============================
[2025-12-12 18:53:21,996] Runtime: 21.59 seconds
[2025-12-12 18:53:21,996] Models solved: 400
[2025-12-12 18:53:21,996] Infeasibilities: 1
[2025-12-12 18:53:21,996] Solutions: 378
[2025-12-12 18:53:21,996] Unique solutions: 86
[2025-12-12 18:53:21,996] Unique Pareto solutions: 74
[2025-12-12 18:53:21,996] Hypervolume indicator: 2.8393024506155705e-05
