[2025-12-10 23:02:59,083] Name: Undefined
[2025-12-10 23:02:59,083] Grid points: 2
[2025-12-10 23:02:59,083] Nadir points: None
[2025-12-10 23:02:59,083] Penalty weight: 0.001
[2025-12-10 23:02:59,083] Early exit: True
[2025-12-10 23:02:59,083] Bypass coefficient: True
[2025-12-10 23:02:59,083] Flag array: True
[2025-12-10 23:02:59,083] CPU Count: 18
[2025-12-10 23:02:59,083] Redivide work: True
[2025-12-10 23:02:59,083] Shared flag array: True
[2025-12-10 23:02:59,083] ==============================
[2025-12-10 23:02:59,295] Constructing payoff
[2025-12-10 23:02:59,354] Finding objective function range
[2025-12-10 23:02:59,355] Converting optimization problem
[2025-12-10 23:03:00,019] Dividing grid over 2 process(es)
[2025-12-10 23:03:00,686] Starting 2 worker process(es)
[2025-12-10 23:03:02,432] ==============================
[2025-12-10 23:03:02,432] Runtime: 3.14 seconds
[2025-12-10 23:03:02,446] Models solved: 4
[2025-12-10 23:03:02,446] Infeasibilities: 0
[2025-12-10 23:03:02,446] Solutions: 2
[2025-12-10 23:03:02,446] Unique solutions: 1
[2025-12-10 23:03:02,446] Unique Pareto solutions: 1
[2025-12-10 23:03:02,446] Hypervolume indicator: 0.0
