[2025-12-10 22:55:25,356] Name: Undefined
[2025-12-10 22:55:25,356] Grid points: 2
[2025-12-10 22:55:25,356] Nadir points: None
[2025-12-10 22:55:25,356] Penalty weight: 0.001
[2025-12-10 22:55:25,356] Early exit: True
[2025-12-10 22:55:25,356] Bypass coefficient: True
[2025-12-10 22:55:25,356] Flag array: True
[2025-12-10 22:55:25,356] CPU Count: 18
[2025-12-10 22:55:25,356] Redivide work: True
[2025-12-10 22:55:25,356] Shared flag array: True
[2025-12-10 22:55:25,356] ==============================
[2025-12-10 22:55:25,546] Constructing payoff
[2025-12-10 22:55:25,607] Finding objective function range
[2025-12-10 22:55:25,607] Converting optimization problem
[2025-12-10 22:55:26,248] Dividing grid over 2 process(es)
[2025-12-10 22:55:26,869] Starting 2 worker process(es)
[2025-12-10 22:55:29,163] ==============================
[2025-12-10 22:55:29,163] Runtime: 3.62 seconds
[2025-12-10 22:55:29,163] Models solved: 4
[2025-12-10 22:55:29,163] Infeasibilities: 0
[2025-12-10 22:55:29,163] Solutions: 3
[2025-12-10 22:55:29,163] Unique solutions: 1
[2025-12-10 22:55:29,163] Unique Pareto solutions: 1
[2025-12-10 22:55:29,163] Hypervolume indicator: 0.0
