[2025-12-10 22:29:42,900] Name: Undefined
[2025-12-10 22:29:42,900] Grid points: 2
[2025-12-10 22:29:42,900] Nadir points: None
[2025-12-10 22:29:42,900] Penalty weight: 0.001
[2025-12-10 22:29:42,900] Early exit: True
[2025-12-10 22:29:42,900] Bypass coefficient: True
[2025-12-10 22:29:42,900] Flag array: True
[2025-12-10 22:29:42,900] CPU Count: 18
[2025-12-10 22:29:42,900] Redivide work: True
[2025-12-10 22:29:42,900] Shared flag array: True
[2025-12-10 22:29:42,900] ==============================
[2025-12-10 22:29:42,900] Constructing payoff
[2025-12-10 22:29:42,926] Name: Undefined
[2025-12-10 22:29:42,926] Name: Undefined
[2025-12-10 22:29:42,928] Grid points: 2
[2025-12-10 22:29:42,928] Grid points: 2
[2025-12-10 22:29:42,928] Nadir points: None
[2025-12-10 22:29:42,928] Nadir points: None
[2025-12-10 22:29:42,928] Penalty weight: 0.001
[2025-12-10 22:29:42,928] Penalty weight: 0.001
[2025-12-10 22:29:42,928] Early exit: True
[2025-12-10 22:29:42,928] Early exit: True
[2025-12-10 22:29:42,928] Bypass coefficient: True
[2025-12-10 22:29:42,928] Bypass coefficient: True
[2025-12-10 22:29:42,928] Flag array: True
[2025-12-10 22:29:42,928] Flag array: True
[2025-12-10 22:29:42,928] CPU Count: 18
[2025-12-10 22:29:42,928] CPU Count: 18
[2025-12-10 22:29:42,928] Redivide work: True
[2025-12-10 22:29:42,928] Redivide work: True
[2025-12-10 22:29:42,928] Shared flag array: True
[2025-12-10 22:29:42,928] Shared flag array: True
[2025-12-10 22:29:42,928] ==============================
[2025-12-10 22:29:42,928] ==============================
[2025-12-10 22:29:42,928] Constructing payoff
[2025-12-10 22:29:42,928] Constructing payoff
[2025-12-10 22:29:42,933] Name: Undefined
[2025-12-10 22:29:42,933] Name: Undefined
[2025-12-10 22:29:42,933] Name: Undefined
[2025-12-10 22:29:42,933] Grid points: 2
[2025-12-10 22:29:42,933] Grid points: 2
[2025-12-10 22:29:42,933] Grid points: 2
[2025-12-10 22:29:42,933] Nadir points: None
[2025-12-10 22:29:42,933] Nadir points: None
[2025-12-10 22:29:42,933] Nadir points: None
[2025-12-10 22:29:42,933] Penalty weight: 0.001
[2025-12-10 22:29:42,933] Penalty weight: 0.001
[2025-12-10 22:29:42,933] Penalty weight: 0.001
[2025-12-10 22:29:42,933] Early exit: True
[2025-12-10 22:29:42,933] Early exit: True
[2025-12-10 22:29:42,933] Early exit: True
[2025-12-10 22:29:42,933] Bypass coefficient: True
[2025-12-10 22:29:42,933] Bypass coefficient: True
[2025-12-10 22:29:42,933] Bypass coefficient: True
[2025-12-10 22:29:42,933] Flag array: True
[2025-12-10 22:29:42,933] Flag array: True
[2025-12-10 22:29:42,933] Flag array: True
[2025-12-10 22:29:42,934] CPU Count: 18
[2025-12-10 22:29:42,934] CPU Count: 18
[2025-12-10 22:29:42,934] CPU Count: 18
[2025-12-10 22:29:42,934] Redivide work: True
[2025-12-10 22:29:42,934] Redivide work: True
[2025-12-10 22:29:42,934] Redivide work: True
[2025-12-10 22:29:42,934] Shared flag array: True
[2025-12-10 22:29:42,934] Shared flag array: True
[2025-12-10 22:29:42,934] Shared flag array: True
[2025-12-10 22:29:42,934] ==============================
[2025-12-10 22:29:42,934] ==============================
[2025-12-10 22:29:42,934] ==============================
[2025-12-10 22:29:42,934] Constructing payoff
[2025-12-10 22:29:42,934] Constructing payoff
[2025-12-10 22:29:42,934] Constructing payoff
